<?xml version="1.0" encoding="UTF-8"?>
<testng-results skipped="0" failed="2" ignored="0" total="3" passed="1">
  <reporter-output>
  </reporter-output>
  <suite name="Default suite" duration-ms="99451" started-at="2019-11-29T13:10:26Z" finished-at="2019-11-29T13:12:06Z">
    <groups>
    </groups>
    <test name="Default test" duration-ms="99451" started-at="2019-11-29T13:10:26Z" finished-at="2019-11-29T13:12:06Z">
      <class name="com.web.testCases.BorrowerBasicRgistrationTest">
        <test-method status="PASS" signature="launchChromebrowser()[pri:0, instance:com.web.testCases.BorrowerBasicRgistrationTest@3e6fa38a]" name="launchChromebrowser" is-config="true" duration-ms="10333" started-at="2019-11-29T13:10:26Z" finished-at="2019-11-29T13:10:37Z">
          <reporter-output>
          </reporter-output>
        </test-method> <!-- launchChromebrowser -->
        <test-method status="PASS" signature="basicRegistrationWithValidData()[pri:0, instance:com.web.testCases.BorrowerBasicRgistrationTest@3e6fa38a]" name="basicRegistrationWithValidData" duration-ms="15483" started-at="2019-11-29T13:10:37Z" finished-at="2019-11-29T13:10:52Z">
          <reporter-output>
          </reporter-output>
        </test-method> <!-- basicRegistrationWithValidData -->
        <test-method status="PASS" signature="closeBrowser()[pri:0, instance:com.web.testCases.BorrowerBasicRgistrationTest@3e6fa38a]" name="closeBrowser" is-config="true" duration-ms="1228" started-at="2019-11-29T13:10:52Z" finished-at="2019-11-29T13:10:53Z">
          <reporter-output>
          </reporter-output>
        </test-method> <!-- closeBrowser -->
        <test-method status="PASS" signature="launchChromebrowser()[pri:0, instance:com.web.testCases.BorrowerBasicRgistrationTest@3e6fa38a]" name="launchChromebrowser" is-config="true" duration-ms="10315" started-at="2019-11-29T13:10:53Z" finished-at="2019-11-29T13:11:04Z">
          <reporter-output>
          </reporter-output>
        </test-method> <!-- launchChromebrowser -->
        <test-method status="FAIL" signature="fieldValidation()[pri:0, instance:com.web.testCases.BorrowerBasicRgistrationTest@3e6fa38a]" name="fieldValidation" duration-ms="1815" started-at="2019-11-29T13:11:04Z" finished-at="2019-11-29T13:11:06Z">
          <exception class="java.lang.AssertionError">
            <message>
              <![CDATA[expected [Please enter first name.] but found [kjhlkj]]]>
            </message>
            <full-stacktrace>
              <![CDATA[java.lang.AssertionError: expected [Please enter first name.] but found [kjhlkj]
at org.testng.Assert.fail(Assert.java:96)
at org.testng.Assert.failNotEquals(Assert.java:776)
at org.testng.Assert.assertEqualsImpl(Assert.java:137)
at org.testng.Assert.assertEquals(Assert.java:118)
at org.testng.Assert.assertEquals(Assert.java:453)
at org.testng.Assert.assertEquals(Assert.java:463)
at com.web.testCases.BorrowerBasicRgistrationTest.fieldValidation(BorrowerBasicRgistrationTest.java:24)
at sun.reflect.NativeMethodAccessorImpl.invoke0(Native Method)
at sun.reflect.NativeMethodAccessorImpl.invoke(Unknown Source)
at sun.reflect.DelegatingMethodAccessorImpl.invoke(Unknown Source)
at java.lang.reflect.Method.invoke(Unknown Source)
at org.testng.internal.MethodInvocationHelper.invokeMethod(MethodInvocationHelper.java:124)
at org.testng.internal.Invoker.invokeMethod(Invoker.java:583)
at org.testng.internal.Invoker.invokeTestMethod(Invoker.java:719)
at org.testng.internal.Invoker.invokeTestMethods(Invoker.java:989)
at org.testng.internal.TestMethodWorker.invokeTestMethods(TestMethodWorker.java:125)
at org.testng.internal.TestMethodWorker.run(TestMethodWorker.java:109)
at org.testng.TestRunner.privateRun(TestRunner.java:648)
at org.testng.TestRunner.run(TestRunner.java:505)
at org.testng.SuiteRunner.runTest(SuiteRunner.java:455)
at org.testng.SuiteRunner.runSequentially(SuiteRunner.java:450)
at org.testng.SuiteRunner.privateRun(SuiteRunner.java:415)
at org.testng.SuiteRunner.run(SuiteRunner.java:364)
at org.testng.SuiteRunnerWorker.runSuite(SuiteRunnerWorker.java:52)
at org.testng.SuiteRunnerWorker.run(SuiteRunnerWorker.java:84)
at org.testng.TestNG.runSuitesSequentially(TestNG.java:1208)
at org.testng.TestNG.runSuitesLocally(TestNG.java:1137)
at org.testng.TestNG.runSuites(TestNG.java:1049)
at org.testng.TestNG.run(TestNG.java:1017)
at org.testng.remote.AbstractRemoteTestNG.run(AbstractRemoteTestNG.java:115)
at org.testng.remote.RemoteTestNG.initAndRun(RemoteTestNG.java:251)
at org.testng.remote.RemoteTestNG.main(RemoteTestNG.java:77)
]]>
            </full-stacktrace>
          </exception> <!-- java.lang.AssertionError -->
          <reporter-output>
          </reporter-output>
        </test-method> <!-- fieldValidation -->
        <test-method status="PASS" signature="closeBrowser()[pri:0, instance:com.web.testCases.BorrowerBasicRgistrationTest@3e6fa38a]" name="closeBrowser" is-config="true" duration-ms="1054" started-at="2019-11-29T13:11:06Z" finished-at="2019-11-29T13:11:07Z">
          <reporter-output>
          </reporter-output>
        </test-method> <!-- closeBrowser -->
        <test-method status="PASS" signature="launchChromebrowser()[pri:0, instance:com.web.testCases.BorrowerBasicRgistrationTest@3e6fa38a]" name="launchChromebrowser" is-config="true" duration-ms="10114" started-at="2019-11-29T13:11:07Z" finished-at="2019-11-29T13:11:17Z">
          <reporter-output>
          </reporter-output>
        </test-method> <!-- launchChromebrowser -->
        <test-method status="FAIL" signature="reDirectionToEligibilityPage()[pri:0, instance:com.web.testCases.BorrowerBasicRgistrationTest@3e6fa38a]" name="reDirectionToEligibilityPage" duration-ms="46959" started-at="2019-11-29T13:11:17Z" finished-at="2019-11-29T13:12:04Z">
          <exception class="org.openqa.selenium.ElementClickInterceptedException">
            <message>
              <![CDATA[element click intercepted: Element <ul _ngcontent-c0="" class="navbar-nav">...</ul> is not clickable at point (1289, 32). Other element would receive the click: <a _ngcontent-c0="" aria-expanded="false" aria-haspopup="true" class="nav-link dropdown-toggle sticky-padding sticky-padding-hover" data-toggle="dropdown" id="navbarDropdownMenuLink">...</a>
  (Session info: chrome=78.0.3904.108)
Build info: version: '3.141.59', revision: 'e82be7d358', time: '2018-11-14T08:17:03'
System info: host: 'DESKTOP-SOA08S7', ip: '38.0.0.38', os.name: 'Windows 10', os.arch: 'amd64', os.version: '10.0', java.version: '1.8.0_201'
Driver info: org.openqa.selenium.chrome.ChromeDriver
Capabilities {acceptInsecureCerts: false, browserName: chrome, browserVersion: 78.0.3904.108, chrome: {chromedriverVersion: 77.0.3865.40 (f484704e052e0..., userDataDir: C:\Users\I2IFUN~1\AppData\L...}, goog:chromeOptions: {debuggerAddress: localhost:49645}, javascriptEnabled: true, networkConnectionEnabled: false, pageLoadStrategy: normal, platform: XP, platformName: XP, proxy: Proxy(), setWindowRect: true, strictFileInteractability: false, timeouts: {implicit: 0, pageLoad: 300000, script: 30000}, unhandledPromptBehavior: dismiss and notify}
Session ID: da5dd2201c3260601aecb72c3d27df80]]>
            </message>
            <full-stacktrace>
              <![CDATA[org.openqa.selenium.ElementClickInterceptedException: element click intercepted: Element <ul _ngcontent-c0="" class="navbar-nav">...</ul> is not clickable at point (1289, 32). Other element would receive the click: <a _ngcontent-c0="" aria-expanded="false" aria-haspopup="true" class="nav-link dropdown-toggle sticky-padding sticky-padding-hover" data-toggle="dropdown" id="navbarDropdownMenuLink">...</a>
  (Session info: chrome=78.0.3904.108)
Build info: version: '3.141.59', revision: 'e82be7d358', time: '2018-11-14T08:17:03'
System info: host: 'DESKTOP-SOA08S7', ip: '38.0.0.38', os.name: 'Windows 10', os.arch: 'amd64', os.version: '10.0', java.version: '1.8.0_201'
Driver info: org.openqa.selenium.chrome.ChromeDriver
Capabilities {acceptInsecureCerts: false, browserName: chrome, browserVersion: 78.0.3904.108, chrome: {chromedriverVersion: 77.0.3865.40 (f484704e052e0..., userDataDir: C:\Users\I2IFUN~1\AppData\L...}, goog:chromeOptions: {debuggerAddress: localhost:49645}, javascriptEnabled: true, networkConnectionEnabled: false, pageLoadStrategy: normal, platform: XP, platformName: XP, proxy: Proxy(), setWindowRect: true, strictFileInteractability: false, timeouts: {implicit: 0, pageLoad: 300000, script: 30000}, unhandledPromptBehavior: dismiss and notify}
Session ID: da5dd2201c3260601aecb72c3d27df80
at sun.reflect.NativeConstructorAccessorImpl.newInstance0(Native Method)
at sun.reflect.NativeConstructorAccessorImpl.newInstance(Unknown Source)
at sun.reflect.DelegatingConstructorAccessorImpl.newInstance(Unknown Source)
at java.lang.reflect.Constructor.newInstance(Unknown Source)
at org.openqa.selenium.remote.http.W3CHttpResponseCodec.createException(W3CHttpResponseCodec.java:187)
at org.openqa.selenium.remote.http.W3CHttpResponseCodec.decode(W3CHttpResponseCodec.java:122)
at org.openqa.selenium.remote.http.W3CHttpResponseCodec.decode(W3CHttpResponseCodec.java:49)
at org.openqa.selenium.remote.HttpCommandExecutor.execute(HttpCommandExecutor.java:158)
at org.openqa.selenium.remote.service.DriverCommandExecutor.execute(DriverCommandExecutor.java:83)
at org.openqa.selenium.remote.RemoteWebDriver.execute(RemoteWebDriver.java:552)
at org.openqa.selenium.remote.RemoteWebElement.execute(RemoteWebElement.java:285)
at org.openqa.selenium.remote.RemoteWebElement.click(RemoteWebElement.java:84)
at sun.reflect.GeneratedMethodAccessor2.invoke(Unknown Source)
at sun.reflect.DelegatingMethodAccessorImpl.invoke(Unknown Source)
at java.lang.reflect.Method.invoke(Unknown Source)
at org.openqa.selenium.support.pagefactory.internal.LocatingElementHandler.invoke(LocatingElementHandler.java:51)
at com.sun.proxy.$Proxy10.click(Unknown Source)
at com.web.testPages.LoginPage.reLogin(LoginPage.java:46)
at com.web.testCases.BorrowerBasicRgistrationTest.reDirectionToEligibilityPage(BorrowerBasicRgistrationTest.java:87)
at sun.reflect.NativeMethodAccessorImpl.invoke0(Native Method)
at sun.reflect.NativeMethodAccessorImpl.invoke(Unknown Source)
at sun.reflect.DelegatingMethodAccessorImpl.invoke(Unknown Source)
at java.lang.reflect.Method.invoke(Unknown Source)
at org.testng.internal.MethodInvocationHelper.invokeMethod(MethodInvocationHelper.java:124)
at org.testng.internal.Invoker.invokeMethod(Invoker.java:583)
at org.testng.internal.Invoker.invokeTestMethod(Invoker.java:719)
at org.testng.internal.Invoker.invokeTestMethods(Invoker.java:989)
at org.testng.internal.TestMethodWorker.invokeTestMethods(TestMethodWorker.java:125)
at org.testng.internal.TestMethodWorker.run(TestMethodWorker.java:109)
at org.testng.TestRunner.privateRun(TestRunner.java:648)
at org.testng.TestRunner.run(TestRunner.java:505)
at org.testng.SuiteRunner.runTest(SuiteRunner.java:455)
at org.testng.SuiteRunner.runSequentially(SuiteRunner.java:450)
at org.testng.SuiteRunner.privateRun(SuiteRunner.java:415)
at org.testng.SuiteRunner.run(SuiteRunner.java:364)
at org.testng.SuiteRunnerWorker.runSuite(SuiteRunnerWorker.java:52)
at org.testng.SuiteRunnerWorker.run(SuiteRunnerWorker.java:84)
at org.testng.TestNG.runSuitesSequentially(TestNG.java:1208)
at org.testng.TestNG.runSuitesLocally(TestNG.java:1137)
at org.testng.TestNG.runSuites(TestNG.java:1049)
at org.testng.TestNG.run(TestNG.java:1017)
at org.testng.remote.AbstractRemoteTestNG.run(AbstractRemoteTestNG.java:115)
at org.testng.remote.RemoteTestNG.initAndRun(RemoteTestNG.java:251)
at org.testng.remote.RemoteTestNG.main(RemoteTestNG.java:77)
]]>
            </full-stacktrace>
          </exception> <!-- org.openqa.selenium.ElementClickInterceptedException -->
          <reporter-output>
          </reporter-output>
        </test-method> <!-- reDirectionToEligibilityPage -->
        <test-method status="PASS" signature="closeBrowser()[pri:0, instance:com.web.testCases.BorrowerBasicRgistrationTest@3e6fa38a]" name="closeBrowser" is-config="true" duration-ms="1403" started-at="2019-11-29T13:12:04Z" finished-at="2019-11-29T13:12:06Z">
          <reporter-output>
          </reporter-output>
        </test-method> <!-- closeBrowser -->
      </class> <!-- com.web.testCases.BorrowerBasicRgistrationTest -->
    </test> <!-- Default test -->
  </suite> <!-- Default suite -->
</testng-results>
